<?xml version="1.0" encoding="UTF-8"?>
<testng-results skipped="0" failed="0" total="1" passed="1">
  <reporter-output>
  </reporter-output>
  <suite name="RegressionSuite" duration-ms="198966" started-at="2018-08-31T03:06:35Z" finished-at="2018-08-31T03:09:54Z">
    <groups>
    </groups>
    <test name="MavenTest" duration-ms="198966" started-at="2018-08-31T03:06:35Z" finished-at="2018-08-31T03:09:54Z">
      <class name="com.regression.testscripts.VerifyAutomationTesting">
        <test-method status="PASS" signature="verifyRegister()[pri:0, instance:com.regression.testscripts.VerifyAutomationTesting@5e025e70]" name="verifyRegister" duration-ms="198949" started-at="2018-08-30T23:06:35Z" finished-at="2018-08-30T23:09:54Z">
          <reporter-output>
          </reporter-output>
        </test-method> <!-- verifyRegister -->
      </class> <!-- com.regression.testscripts.VerifyAutomationTesting -->
    </test> <!-- MavenTest -->
  </suite> <!-- RegressionSuite -->
</testng-results>
